<?xml version="1.0" encoding="UTF-8"?>
<!-- Generated by org.testng.reporters.JUnitXMLReporter -->
<testsuite ignored="0" hostname="DESKTOP-T7AJ7NV" failures="0" tests="7" name="Tests" time="17.254" errors="0" timestamp="2022-03-19T07:46:20 CET">
  <testcase classname="tests.LoginTest" name="login" time="0.765"/>
  <testcase classname="tests.FailedLoginTestWithEmptyPasswordField" name="failedLogin" time="0.65"/>
  <testcase classname="tests.FailedLoginTestWithEmptyUsernameField" name="failedLogin" time="0.433"/>
  <testcase classname="tests.FailedLoginTestWithWrongCredentials" name="failedLogin" time="0.497"/>
  <testcase classname="tests_with_login.LogoutTest" name="logout" time="0.776"/>
  <testcase classname="tests_with_login.RemoveItemFromCartTest" name="removeItem" time="0.453"/>
  <testcase classname="tests_with_login.CheckoutTest" name="checkout" time="1.065"/>
</testsuite> <!-- Tests -->
