<?xml version="1.0" encoding="UTF-8"?>
<testng-results ignored="0" total="7" passed="7" failed="0" skipped="0">
  <reporter-output>
  </reporter-output>
  <suite started-at="2022-03-19T07:46:20 CET" name="TestNG" finished-at="2022-03-19T07:46:20 CET" duration-ms="0">
    <groups>
    </groups>
  </suite> <!-- TestNG -->
  <suite started-at="2022-03-19T07:46:03 CET" name="Regression" finished-at="2022-03-19T07:46:20 CET" duration-ms="17254">
    <groups>
    </groups>
    <test started-at="2022-03-19T07:46:03 CET" name="Tests" finished-at="2022-03-19T07:46:20 CET" duration-ms="17254">
      <class name="tests.LoginTest">
        <test-method is-config="true" signature="setup()[pri:0, instance:tests.LoginTest@75d4a5c2]" started-at="2022-03-19T07:46:03 CET" name="setup" finished-at="2022-03-19T07:46:08 CET" duration-ms="5013" status="PASS">
          <reporter-output>
          </reporter-output>
        </test-method> <!-- setup -->
        <test-method signature="login()[pri:0, instance:tests.LoginTest@75d4a5c2]" started-at="2022-03-19T07:46:08 CET" name="login" finished-at="2022-03-19T07:46:09 CET" duration-ms="765" status="PASS">
          <reporter-output>
          </reporter-output>
        </test-method> <!-- login -->
        <test-method is-config="true" signature="teardown()[pri:0, instance:tests.LoginTest@75d4a5c2]" started-at="2022-03-19T07:46:09 CET" name="teardown" finished-at="2022-03-19T07:46:10 CET" duration-ms="647" status="PASS">
          <reporter-output>
          </reporter-output>
        </test-method> <!-- teardown -->
      </class> <!-- tests.LoginTest -->
      <class name="tests.FailedLoginTestWithEmptyUsernameField">
        <test-method is-config="true" signature="setup()[pri:0, instance:tests.FailedLoginTestWithEmptyUsernameField@2cd76f31]" started-at="2022-03-19T07:46:10 CET" name="setup" finished-at="2022-03-19T07:46:12 CET" duration-ms="2124" status="PASS">
          <reporter-output>
          </reporter-output>
        </test-method> <!-- setup -->
        <test-method signature="failedLogin()[pri:0, instance:tests.FailedLoginTestWithEmptyUsernameField@2cd76f31]" started-at="2022-03-19T07:46:12 CET" name="failedLogin" finished-at="2022-03-19T07:46:12 CET" duration-ms="433" status="PASS">
          <reporter-output>
          </reporter-output>
        </test-method> <!-- failedLogin -->
        <test-method is-config="true" signature="teardown()[pri:0, instance:tests.FailedLoginTestWithEmptyUsernameField@2cd76f31]" started-at="2022-03-19T07:46:12 CET" name="teardown" finished-at="2022-03-19T07:46:13 CET" duration-ms="620" status="PASS">
          <reporter-output>
          </reporter-output>
        </test-method> <!-- teardown -->
      </class> <!-- tests.FailedLoginTestWithEmptyUsernameField -->
      <class name="tests_with_login.CheckoutTest">
        <test-method is-config="true" signature="setup()[pri:0, instance:tests_with_login.CheckoutTest@1c1bbc4e]" started-at="2022-03-19T07:46:16 CET" name="setup" finished-at="2022-03-19T07:46:19 CET" duration-ms="2335" status="PASS">
          <reporter-output>
          </reporter-output>
        </test-method> <!-- setup -->
        <test-method signature="checkout()[pri:0, instance:tests_with_login.CheckoutTest@1c1bbc4e]" started-at="2022-03-19T07:46:19 CET" name="checkout" finished-at="2022-03-19T07:46:20 CET" duration-ms="1065" status="PASS">
          <reporter-output>
          </reporter-output>
        </test-method> <!-- checkout -->
        <test-method is-config="true" signature="tearDown()[pri:0, instance:tests_with_login.CheckoutTest@1c1bbc4e]" started-at="2022-03-19T07:46:20 CET" name="tearDown" finished-at="2022-03-19T07:46:20 CET" duration-ms="620" status="PASS">
          <reporter-output>
          </reporter-output>
        </test-method> <!-- tearDown -->
      </class> <!-- tests_with_login.CheckoutTest -->
      <class name="tests.FailedLoginTestWithEmptyPasswordField">
        <test-method is-config="true" signature="setup()[pri:0, instance:tests.FailedLoginTestWithEmptyPasswordField@40005471]" started-at="2022-03-19T07:46:03 CET" name="setup" finished-at="2022-03-19T07:46:08 CET" duration-ms="5344" status="PASS">
          <reporter-output>
          </reporter-output>
        </test-method> <!-- setup -->
        <test-method signature="failedLogin()[pri:0, instance:tests.FailedLoginTestWithEmptyPasswordField@40005471]" started-at="2022-03-19T07:46:08 CET" name="failedLogin" finished-at="2022-03-19T07:46:09 CET" duration-ms="650" status="PASS">
          <reporter-output>
          </reporter-output>
        </test-method> <!-- failedLogin -->
        <test-method is-config="true" signature="teardown()[pri:0, instance:tests.FailedLoginTestWithEmptyPasswordField@40005471]" started-at="2022-03-19T07:46:09 CET" name="teardown" finished-at="2022-03-19T07:46:10 CET" duration-ms="659" status="PASS">
          <reporter-output>
          </reporter-output>
        </test-method> <!-- teardown -->
      </class> <!-- tests.FailedLoginTestWithEmptyPasswordField -->
      <class name="tests.FailedLoginTestWithWrongCredentials">
        <test-method is-config="true" signature="setup()[pri:0, instance:tests.FailedLoginTestWithWrongCredentials@367ffa75]" started-at="2022-03-19T07:46:10 CET" name="setup" finished-at="2022-03-19T07:46:12 CET" duration-ms="2454" status="PASS">
          <reporter-output>
          </reporter-output>
        </test-method> <!-- setup -->
        <test-method signature="failedLogin()[pri:0, instance:tests.FailedLoginTestWithWrongCredentials@367ffa75]" started-at="2022-03-19T07:46:12 CET" name="failedLogin" finished-at="2022-03-19T07:46:13 CET" duration-ms="497" status="PASS">
          <reporter-output>
          </reporter-output>
        </test-method> <!-- failedLogin -->
        <test-method is-config="true" signature="teardown()[pri:0, instance:tests.FailedLoginTestWithWrongCredentials@367ffa75]" started-at="2022-03-19T07:46:13 CET" name="teardown" finished-at="2022-03-19T07:46:13 CET" duration-ms="650" status="PASS">
          <reporter-output>
          </reporter-output>
        </test-method> <!-- teardown -->
      </class> <!-- tests.FailedLoginTestWithWrongCredentials -->
      <class name="tests_with_login.RemoveItemFromCartTest">
        <test-method is-config="true" signature="setup()[pri:0, instance:tests_with_login.RemoveItemFromCartTest@ba2f4ec]" started-at="2022-03-19T07:46:13 CET" name="setup" finished-at="2022-03-19T07:46:15 CET" duration-ms="2105" status="PASS">
          <reporter-output>
          </reporter-output>
        </test-method> <!-- setup -->
        <test-method signature="removeItem()[pri:0, instance:tests_with_login.RemoveItemFromCartTest@ba2f4ec]" started-at="2022-03-19T07:46:15 CET" name="removeItem" finished-at="2022-03-19T07:46:16 CET" duration-ms="453" status="PASS">
          <reporter-output>
          </reporter-output>
        </test-method> <!-- removeItem -->
        <test-method is-config="true" signature="tearDown()[pri:0, instance:tests_with_login.RemoveItemFromCartTest@ba2f4ec]" started-at="2022-03-19T07:46:16 CET" name="tearDown" finished-at="2022-03-19T07:46:17 CET" duration-ms="619" status="PASS">
          <reporter-output>
          </reporter-output>
        </test-method> <!-- tearDown -->
      </class> <!-- tests_with_login.RemoveItemFromCartTest -->
      <class name="tests_with_login.LogoutTest">
        <test-method is-config="true" signature="setup()[pri:0, instance:tests_with_login.LogoutTest@49438269]" started-at="2022-03-19T07:46:13 CET" name="setup" finished-at="2022-03-19T07:46:15 CET" duration-ms="2155" status="PASS">
          <reporter-output>
          </reporter-output>
        </test-method> <!-- setup -->
        <test-method signature="logout()[pri:0, instance:tests_with_login.LogoutTest@49438269]" started-at="2022-03-19T07:46:15 CET" name="logout" finished-at="2022-03-19T07:46:16 CET" duration-ms="776" status="PASS">
          <reporter-output>
          </reporter-output>
        </test-method> <!-- logout -->
        <test-method is-config="true" signature="tearDown()[pri:0, instance:tests_with_login.LogoutTest@49438269]" started-at="2022-03-19T07:46:16 CET" name="tearDown" finished-at="2022-03-19T07:46:16 CET" duration-ms="647" status="PASS">
          <reporter-output>
          </reporter-output>
        </test-method> <!-- tearDown -->
      </class> <!-- tests_with_login.LogoutTest -->
    </test> <!-- Tests -->
  </suite> <!-- Regression -->
</testng-results>
